<?xml version="1.0" encoding="UTF-8"?>
<!-- Generated by org.testng.reporters.JUnitReportReporter -->
<testsuite hostname="INBOOK_X1_SLIM" failures="0" tests="1" name="differentWayToPostARequest.ThroughJsonFilePostARequest" time="2.452" errors="0" timestamp="2023-05-09T11:00:26 IST" skipped="0">
  <testcase classname="differentWayToPostARequest.ThroughJsonFilePostARequest" name="jsonFile" time="2.452"/>
  <system-out/>
</testsuite> <!-- differentWayToPostARequest.ThroughJsonFilePostARequest -->
