<?xml version="1.0" encoding="UTF-8"?>
<!-- Generated by org.testng.reporters.JUnitReportReporter -->
<testsuite hostname="INBOOK_X1_SLIM" failures="0" tests="1" name="dataDrivenTesting.DataDrivenTesting" time="2.313" errors="0" timestamp="2023-05-12T10:10:41 IST" skipped="0">
  <testcase classname="dataDrivenTesting.DataDrivenTesting" name="getData" time="2.313"/>
  <system-out/>
</testsuite> <!-- dataDrivenTesting.DataDrivenTesting -->
