<?xml version="1.0" encoding="UTF-8"?>
<!-- Generated by org.testng.reporters.JUnitReportReporter -->
<testsuite hostname="INBOOK_X1_SLIM" failures="0" tests="1" name="crudOperationWithBdd1.DeleteProject" time="2.221" errors="0" timestamp="2023-05-09T09:40:31 IST" skipped="0">
  <testcase classname="crudOperationWithBdd1.DeleteProject" name="delete" time="2.221"/>
  <system-out/>
</testsuite> <!-- crudOperationWithBdd1.DeleteProject -->
