<?xml version="1.0" encoding="UTF-8"?>
<!-- Generated by org.testng.reporters.JUnitReportReporter -->
<testsuite hostname="INBOOK_X1_SLIM" failures="0" tests="1" name="requestChaining.TakeResponseFrom" time="3.472" errors="0" timestamp="2023-05-11T13:11:12 IST" skipped="0">
  <testcase classname="requestChaining.TakeResponseFrom" name="d" time="3.472"/>
  <system-out/>
</testsuite> <!-- requestChaining.TakeResponseFrom -->
