<?xml version="1.0" encoding="UTF-8"?>
<!-- Generated by org.testng.reporters.JUnitReportReporter -->
<testsuite hostname="INBOOK_X1_SLIM" failures="0" tests="1" name="crudOperationWithBdd.GetSingleProject" time="2.172" errors="0" timestamp="2023-05-08T14:59:31 IST" skipped="0">
  <testcase classname="crudOperationWithBdd.GetSingleProject" name="getSingleProject" time="2.172"/>
  <system-out/>
</testsuite> <!-- crudOperationWithBdd.GetSingleProject -->
