<?xml version="1.0" encoding="UTF-8"?>
<!-- Generated by org.testng.reporters.JUnitReportReporter -->
<testsuite hostname="INBOOK_X1_SLIM" failures="0" tests="1" name="practice1.ContentTypeTest" time="2.289" errors="0" timestamp="2023-05-19T13:05:35 IST" skipped="0">
  <testcase classname="practice1.ContentTypeTest" name="demo" time="2.289"/>
  <system-out/>
</testsuite> <!-- practice1.ContentTypeTest -->
