<?xml version="1.0" encoding="UTF-8"?>
<!-- Generated by org.testng.reporters.JUnitReportReporter -->
<testsuite hostname="INBOOK_X1_SLIM" failures="0" tests="1" name="Script.QspSerialization" time="0.245" errors="0" timestamp="2023-05-10T21:28:19 IST" skipped="0">
  <testcase classname="Script.QspSerialization" name="qsp" time="0.245"/>
  <system-out/>
</testsuite> <!-- Script.QspSerialization -->
