<?xml version="1.0" encoding="UTF-8"?>
<!-- Generated by org.testng.reporters.JUnitReportReporter -->
<testsuite hostname="INBOOK_X1_SLIM" failures="0" tests="1" name="differentWayToPostARequest.ThroughJsonObject" time="2.846" errors="0" timestamp="2023-05-09T10:49:08 IST" skipped="0">
  <testcase classname="differentWayToPostARequest.ThroughJsonObject" name="create" time="2.846"/>
  <system-out/>
</testsuite> <!-- differentWayToPostARequest.ThroughJsonObject -->
