<?xml version="1.0" encoding="UTF-8"?>
<!-- Generated by org.testng.reporters.JUnitReportReporter -->
<testsuite hostname="INBOOK_X1_SLIM" failures="0" tests="1" name="crudOperationWithBdd1.CreateProject" time="2.844" errors="0" timestamp="2023-05-08T17:17:20 IST" skipped="0">
  <testcase classname="crudOperationWithBdd1.CreateProject" name="createProject" time="2.844"/>
  <system-out/>
</testsuite> <!-- crudOperationWithBdd1.CreateProject -->
