<?xml version="1.0" encoding="UTF-8"?>
<!-- Generated by org.testng.reporters.JUnitReportReporter -->
<testsuite hostname="INBOOK_X1_SLIM" failures="0" tests="1" name="crudOperationWithBdd.UpdateProject" time="2.674" errors="0" timestamp="2023-05-08T15:03:38 IST" skipped="0">
  <testcase classname="crudOperationWithBdd.UpdateProject" name="updateProject" time="2.674"/>
  <system-out/>
</testsuite> <!-- crudOperationWithBdd.UpdateProject -->
