<?xml version="1.0" encoding="UTF-8"?>
<!-- Generated by org.testng.reporters.JUnitReportReporter -->
<testsuite hostname="INBOOK_X1_SLIM" failures="0" tests="1" name="Shoppersstack" time="0.010" errors="0" timestamp="2023-05-24T23:47:18 IST" skipped="0">
  <testcase classname="Shoppersstack" name="demo" time="0.010"/>
  <system-out/>
</testsuite> <!-- Shoppersstack -->
