<?xml version="1.0" encoding="UTF-8"?>
<!-- Generated by org.testng.reporters.JUnitReportReporter -->
<testsuite hostname="INBOOK_X1_SLIM" failures="0" tests="1" name="Script.DeseralizationTwoPhone" time="0.176" errors="0" timestamp="2023-05-05T13:05:43 IST" skipped="0">
  <testcase classname="Script.DeseralizationTwoPhone" name="employee" time="0.176"/>
  <system-out/>
</testsuite> <!-- Script.DeseralizationTwoPhone -->
