<?xml version="1.0" encoding="UTF-8"?>
<!-- Generated by org.testng.reporters.JUnitReportReporter -->
<testsuite hostname="INBOOK_X1_SLIM" failures="0" tests="1" name="practice1.ContentType" time="2.358" errors="0" timestamp="2023-05-19T12:15:07 IST" skipped="0">
  <testcase classname="practice1.ContentType" name="demo" time="2.358"/>
  <system-out/>
</testsuite> <!-- practice1.ContentType -->
