<?xml version="1.0" encoding="UTF-8"?>
<!-- Generated by org.testng.reporters.JUnitReportReporter -->
<testsuite hostname="INBOOK_X1_SLIM" failures="0" tests="1" name="crudOperationWithBdd.GetAllProject" time="2.322" errors="0" timestamp="2023-05-08T14:50:38 IST" skipped="0">
  <testcase classname="crudOperationWithBdd.GetAllProject" name="getAllProject" time="2.322"/>
  <system-out/>
</testsuite> <!-- crudOperationWithBdd.GetAllProject -->
