<?xml version="1.0" encoding="UTF-8"?>
<!-- Generated by org.testng.reporters.JUnitReportReporter -->
<testsuite hostname="INBOOK_X1_SLIM" failures="0" tests="1" name="crudOperationWithoutBdd1.UpdateProject" time="2.598" errors="0" timestamp="2023-05-08T17:05:03 IST" skipped="0">
  <testcase classname="crudOperationWithoutBdd1.UpdateProject" name="updateProject" time="2.598"/>
  <system-out/>
</testsuite> <!-- crudOperationWithoutBdd1.UpdateProject -->
