<?xml version="1.0" encoding="UTF-8"?>
<!-- Generated by org.testng.reporters.JUnitReportReporter -->
<testsuite hostname="INBOOK_X1_SLIM" failures="0" tests="1" name="differentWayToPostARequest.StaticResponse" time="3.018" errors="0" timestamp="2023-05-09T15:22:55 IST" skipped="0">
  <testcase classname="differentWayToPostARequest.StaticResponse" name="response" time="3.018"/>
  <system-out/>
</testsuite> <!-- differentWayToPostARequest.StaticResponse -->
