<?xml version="1.0" encoding="UTF-8"?>
<!-- Generated by org.testng.reporters.JUnitReportReporter -->
<testsuite hostname="INBOOK_X1_SLIM" failures="0" tests="1" name="crudOperationWithBdd.CreateProject" time="2.431" errors="0" timestamp="2023-05-24T15:36:58 IST" skipped="0">
  <testcase classname="crudOperationWithBdd.CreateProject" name="createProject" time="2.431"/>
  <system-out/>
</testsuite> <!-- crudOperationWithBdd.CreateProject -->
