<?xml version="1.0" encoding="UTF-8"?>
<!-- Generated by org.testng.reporters.JUnitReportReporter -->
<testsuite hostname="INBOOK_X1_SLIM" failures="0" tests="1" name="practice.SerializationCustomerPerform" time="0.226" errors="0" timestamp="2023-05-22T16:28:42 IST" skipped="0">
  <testcase classname="practice.SerializationCustomerPerform" name="demo" time="0.226"/>
  <system-out/>
</testsuite> <!-- practice.SerializationCustomerPerform -->
