<?xml version="1.0" encoding="UTF-8"?>
<!-- Generated by org.testng.reporters.JUnitReportReporter -->
<testsuite hostname="INBOOK_X1_SLIM" failures="0" tests="1" name="crudOperationWithoutBdd.UpdateProject" time="2.401" errors="0" timestamp="2023-05-08T16:09:39 IST" skipped="0">
  <testcase classname="crudOperationWithoutBdd.UpdateProject" name="updateProject" time="2.401"/>
  <system-out/>
</testsuite> <!-- crudOperationWithoutBdd.UpdateProject -->
