<?xml version="1.0" encoding="UTF-8"?>
<!-- Generated by org.testng.reporters.JUnitReportReporter -->
<testsuite hostname="INBOOK_X1_SLIM" failures="0" tests="1" name="authentication.OAuth2" time="4.495" errors="0" timestamp="2023-05-12T15:23:44 IST" skipped="0">
  <testcase classname="authentication.OAuth2" name="validate" time="4.495"/>
  <system-out/>
</testsuite> <!-- authentication.OAuth2 -->
