<?xml version="1.0" encoding="UTF-8"?>
<!-- Generated by org.testng.reporters.JUnitReportReporter -->
<testsuite hostname="INBOOK_X1_SLIM" failures="0" tests="1" name="Script.QspDeserilaztion" time="0.317" errors="0" timestamp="2023-05-10T21:31:42 IST" skipped="0">
  <testcase classname="Script.QspDeserilaztion" name="qsp" time="0.317"/>
  <system-out/>
</testsuite> <!-- Script.QspDeserilaztion -->
