<?xml version="1.0" encoding="UTF-8"?>
<!-- Generated by org.testng.reporters.JUnitReportReporter -->
<testsuite hostname="INBOOK_X1_SLIM" failures="0" tests="1" name="differentWayToPostARequest.ThroughHashmapPostARequest" time="2.676" errors="0" timestamp="2023-05-09T10:55:24 IST" skipped="0">
  <testcase classname="differentWayToPostARequest.ThroughHashmapPostARequest" name="postRequest" time="2.676"/>
  <system-out/>
</testsuite> <!-- differentWayToPostARequest.ThroughHashmapPostARequest -->
