<?xml version="1.0" encoding="UTF-8"?>
<!-- Generated by org.testng.reporters.JUnitReportReporter -->
<testsuite hostname="INBOOK_X1_SLIM" failures="0" tests="1" name="script.ThreeLayerValidation" time="9.297" errors="0" timestamp="2023-05-15T17:15:49 IST" skipped="0">
  <testcase classname="script.ThreeLayerValidation" name="demo" time="9.297"/>
  <system-out/>
</testsuite> <!-- script.ThreeLayerValidation -->
