<?xml version="1.0" encoding="UTF-8"?>
<!-- Generated by org.testng.reporters.JUnitReportReporter -->
<testsuite hostname="INBOOK_X1_SLIM" failures="0" tests="1" name="script.ThreeLayerValidation" time="16.994" errors="0" timestamp="2023-06-06T09:53:51 IST" skipped="0">
  <testcase classname="script.ThreeLayerValidation" name="demo" time="16.994"/>
  <system-out/>
</testsuite> <!-- script.ThreeLayerValidation -->
