<?xml version="1.0" encoding="UTF-8"?>
<!-- Generated by org.testng.reporters.JUnitReportReporter -->
<testsuite hostname="INBOOK_X1_SLIM" failures="0" tests="1" name="Script.Deserialization" time="0.240" errors="0" timestamp="2023-05-09T10:15:32 IST" skipped="0">
  <testcase classname="Script.Deserialization" name="deserialization" time="0.240"/>
  <system-out/>
</testsuite> <!-- Script.Deserialization -->
