<?xml version="1.0" encoding="UTF-8"?>
<!-- Generated by org.testng.reporters.JUnitReportReporter -->
<testsuite hostname="INBOOK_X1_SLIM" failures="0" tests="1" name="crudWithoutBdd.Create" time="3.503" errors="0" timestamp="2023-05-10T21:41:12 IST" skipped="0">
  <testcase classname="crudWithoutBdd.Create" name="creat" time="3.503"/>
  <system-out/>
</testsuite> <!-- crudWithoutBdd.Create -->
