<?xml version="1.0" encoding="UTF-8"?>
<!-- Generated by org.testng.reporters.JUnitReportReporter -->
<testsuite hostname="INBOOK_X1_SLIM" failures="0" tests="1" name="complexDat.CustomerSerialization" time="0.260" errors="0" timestamp="2023-05-09T12:50:13 IST" skipped="0">
  <testcase classname="complexDat.CustomerSerialization" name="serialization" time="0.260"/>
  <system-out/>
</testsuite> <!-- complexDat.CustomerSerialization -->
