<?xml version="1.0" encoding="UTF-8"?>
<!-- Generated by org.testng.reporters.JUnitReportReporter -->
<testsuite hostname="INBOOK_X1_SLIM" failures="0" tests="1" name="parameter.QueryParameter" time="3.067" errors="0" timestamp="2023-05-11T10:58:53 IST" skipped="0">
  <testcase classname="parameter.QueryParameter" name="query" time="3.067"/>
  <system-out/>
</testsuite> <!-- parameter.QueryParameter -->
