<?xml version="1.0" encoding="UTF-8"?>
<!-- Generated by org.testng.reporters.JUnitReportReporter -->
<testsuite hostname="INBOOK_X1_SLIM" failures="0" tests="1" name="Script.Deserial" time="0.181" errors="0" timestamp="2023-05-05T15:10:51 IST" skipped="0">
  <testcase classname="Script.Deserial" name="student" time="0.181"/>
  <system-out/>
</testsuite> <!-- Script.Deserial -->
