<?xml version="1.0" encoding="UTF-8"?>
<!-- Generated by org.testng.reporters.JUnitReportReporter -->
<testsuite hostname="INBOOK_X1_SLIM" failures="0" tests="1" name="ResponseBodyValidation.Static" time="3.379" errors="0" timestamp="2023-05-11T14:56:44 IST" skipped="0">
  <testcase classname="ResponseBodyValidation.Static" name="sta" time="3.379"/>
  <system-out/>
</testsuite> <!-- ResponseBodyValidation.Static -->
