<?xml version="1.0" encoding="UTF-8"?>
<!-- Generated by org.testng.reporters.JUnitReportReporter -->
<testsuite hostname="INBOOK_X1_SLIM" failures="0" tests="1" name="differentWayToPostARequest.ThroughPojoClassPostARequest" time="2.798" errors="0" timestamp="2023-05-09T10:43:38 IST" skipped="0">
  <testcase classname="differentWayToPostARequest.ThroughPojoClassPostARequest" name="customer" time="2.798"/>
  <system-out/>
</testsuite> <!-- differentWayToPostARequest.ThroughPojoClassPostARequest -->
