<?xml version="1.0" encoding="UTF-8"?>
<!-- Generated by org.testng.reporters.JUnitReportReporter -->
<testsuite hostname="INBOOK_X1_SLIM" failures="0" tests="1" name="crudOperationWithoutBdd.GetSingleProject" time="1.889" errors="0" timestamp="2023-05-08T15:57:49 IST" skipped="0">
  <testcase classname="crudOperationWithoutBdd.GetSingleProject" name="getSingleProject" time="1.889"/>
  <system-out/>
</testsuite> <!-- crudOperationWithoutBdd.GetSingleProject -->
