<?xml version="1.0" encoding="UTF-8"?>
<!-- Generated by org.testng.reporters.JUnitReportReporter -->
<testsuite hostname="INBOOK_X1_SLIM" failures="0" tests="1" name="ResponseBodyValidation.DynamicResponseInRequres" time="3.785" errors="0" timestamp="2023-05-12T16:14:14 IST" skipped="0">
  <testcase classname="ResponseBodyValidation.DynamicResponseInRequres" name="java" time="3.785"/>
  <system-out/>
</testsuite> <!-- ResponseBodyValidation.DynamicResponseInRequres -->
