<?xml version="1.0" encoding="UTF-8"?>
<!-- Generated by org.testng.reporters.JUnitReportReporter -->
<testsuite hostname="INBOOK_X1_SLIM" failures="0" tests="1" name="RestAssuredPractice" time="2.771" errors="0" timestamp="2023-05-08T11:21:51 IST" skipped="0">
  <testcase classname="RestAssuredPractice" name="createPro" time="2.771"/>
  <system-out/>
</testsuite> <!-- RestAssuredPractice -->
