<?xml version="1.0" encoding="UTF-8"?>
<!-- Generated by org.testng.reporters.JUnitReportReporter -->
<testsuite hostname="INBOOK_X1_SLIM" failures="0" tests="1" name="script.Scenario" time="5.838" errors="0" timestamp="2023-06-06T09:31:36 IST" skipped="0">
  <testcase classname="script.Scenario" name="general" time="5.838"/>
  <system-out/>
</testsuite> <!-- script.Scenario -->
