<?xml version="1.0" encoding="UTF-8"?>
<!-- Generated by org.testng.reporters.JUnitReportReporter -->
<testsuite hostname="INBOOK_X1_SLIM" failures="0" tests="1" name="crudOperationWithBdd1.UpdateProject" time="2.722" errors="0" timestamp="2023-05-09T09:23:25 IST" skipped="0">
  <testcase classname="crudOperationWithBdd1.UpdateProject" name="updateProject" time="2.722"/>
  <system-out/>
</testsuite> <!-- crudOperationWithBdd1.UpdateProject -->
