<?xml version="1.0" encoding="UTF-8"?>
<!-- Generated by org.testng.reporters.JUnitReportReporter -->
<testsuite hostname="INBOOK_X1_SLIM" failures="0" tests="1" name="Script.Serial" time="0.165" errors="0" timestamp="2023-05-05T15:05:44 IST" skipped="0">
  <testcase classname="Script.Serial" name="student" time="0.165"/>
  <system-out/>
</testsuite> <!-- Script.Serial -->
