<?xml version="1.0" encoding="UTF-8"?>
<!-- Generated by org.testng.reporters.JUnitReportReporter -->
<testsuite hostname="INBOOK_X1_SLIM" failures="0" tests="1" name="toStoreDataInCookies.SetUsernameAndPassword" time="0.009" errors="0" timestamp="2023-05-19T09:39:36 IST" skipped="0">
  <testcase classname="toStoreDataInCookies.SetUsernameAndPassword" name="demo" time="0.009"/>
  <system-out/>
</testsuite> <!-- toStoreDataInCookies.SetUsernameAndPassword -->
