<?xml version="1.0" encoding="UTF-8"?>
<!-- Generated by org.testng.reporters.JUnitReportReporter -->
<testsuite hostname="INBOOK_X1_SLIM" failures="0" tests="1" name="practice.Serialization" time="0.268" errors="0" timestamp="2023-05-12T09:42:07 IST" skipped="0">
  <testcase classname="practice.Serialization" name="get" time="0.268"/>
  <system-out/>
</testsuite> <!-- practice.Serialization -->
