<?xml version="1.0" encoding="UTF-8"?>
<!-- Generated by org.testng.reporters.JUnitReportReporter -->
<testsuite hostname="INBOOK_X1_SLIM" failures="0" tests="1" name="Script.SerializationTwoPhone" time="0.157" errors="0" timestamp="2023-05-05T12:58:04 IST" skipped="0">
  <testcase classname="Script.SerializationTwoPhone" name="employee" time="0.157"/>
  <system-out/>
</testsuite> <!-- Script.SerializationTwoPhone -->
