<?xml version="1.0" encoding="UTF-8"?>
<!-- Generated by org.testng.reporters.JUnitReportReporter -->
<testsuite hostname="INBOOK_X1_SLIM" failures="0" tests="1" name="crudOperationWithoutBdd.DeleteProject" time="2.011" errors="0" timestamp="2023-05-08T16:13:48 IST" skipped="0">
  <testcase classname="crudOperationWithoutBdd.DeleteProject" name="deleteProject" time="2.011"/>
  <system-out/>
</testsuite> <!-- crudOperationWithoutBdd.DeleteProject -->
