<?xml version="1.0" encoding="UTF-8"?>
<!-- Generated by org.testng.reporters.JUnitReportReporter -->
<testsuite hostname="INBOOK_X1_SLIM" failures="0" tests="1" name="script.EndToEndScenario" time="2.044" errors="0" timestamp="2023-05-19T15:46:17 IST" skipped="0">
  <testcase classname="script.EndToEndScenario" name="scenario" time="2.044"/>
  <system-out/>
</testsuite> <!-- script.EndToEndScenario -->
