<?xml version="1.0" encoding="UTF-8"?>
<!-- Generated by org.testng.reporters.JUnitReportReporter -->
<testsuite hostname="INBOOK_X1_SLIM" failures="0" tests="1" name="requestChaining.RequestChaining" time="3.381" errors="0" timestamp="2023-05-11T12:45:19 IST" skipped="0">
  <testcase classname="requestChaining.RequestChaining" name="chaining" time="3.381"/>
  <system-out/>
</testsuite> <!-- requestChaining.RequestChaining -->
