<?xml version="1.0" encoding="UTF-8"?>
<!-- Generated by org.testng.reporters.JUnitReportReporter -->
<testsuite hostname="INBOOK_X1_SLIM" failures="0" tests="1" name="crudOperationWithoutBdd1.DeleteProject" time="2.267" errors="0" timestamp="2023-05-08T17:08:57 IST" skipped="0">
  <testcase classname="crudOperationWithoutBdd1.DeleteProject" name="deleteProject" time="2.267"/>
  <system-out/>
</testsuite> <!-- crudOperationWithoutBdd1.DeleteProject -->
