<?xml version="1.0" encoding="UTF-8"?>
<!-- Generated by org.testng.reporters.JUnitReportReporter -->
<testsuite hostname="INBOOK_X1_SLIM" failures="0" tests="1" name="parameter.PathParameterToGetSingleProject" time="2.304" errors="0" timestamp="2023-05-11T10:49:37 IST" skipped="0">
  <testcase classname="parameter.PathParameterToGetSingleProject" name="delete" time="2.304"/>
  <system-out/>
</testsuite> <!-- parameter.PathParameterToGetSingleProject -->
