<?xml version="1.0" encoding="UTF-8"?>
<!-- Generated by org.testng.reporters.JUnitReportReporter -->
<testsuite hostname="INBOOK_X1_SLIM" failures="0" tests="1" name="practice1.Serial" time="0.235" errors="0" timestamp="2023-05-24T15:31:52 IST" skipped="0">
  <testcase classname="practice1.Serial" name="student" time="0.235"/>
  <system-out/>
</testsuite> <!-- practice1.Serial -->
