<?xml version="1.0" encoding="UTF-8"?>
<!-- Generated by org.testng.reporters.JUnitReportReporter -->
<testsuite hostname="INBOOK_X1_SLIM" failures="0" tests="1" name="differentWayToPostARequest.PostARequestUsingTwoWay" time="2.566" errors="0" timestamp="2023-05-09T12:29:53 IST" skipped="0">
  <testcase classname="differentWayToPostARequest.PostARequestUsingTwoWay" name="df" time="2.566"/>
  <system-out/>
</testsuite> <!-- differentWayToPostARequest.PostARequestUsingTwoWay -->
