<?xml version="1.0" encoding="UTF-8"?>
<!-- Generated by org.testng.reporters.JUnitReportReporter -->
<testsuite hostname="INBOOK_X1_SLIM" failures="0" tests="1" name="GetAllProject" time="2.361" errors="0" timestamp="2023-05-08T12:34:14 IST" skipped="0">
  <testcase classname="GetAllProject" name="getProject" time="2.361"/>
  <system-out/>
</testsuite> <!-- GetAllProject -->
