<?xml version="1.0" encoding="UTF-8"?>
<!-- Generated by org.testng.reporters.JUnitReportReporter -->
<testsuite hostname="INBOOK_X1_SLIM" failures="0" tests="1" name="complexDat.Serialization" time="0.254" errors="0" timestamp="2023-05-08T12:53:58 IST" skipped="0">
  <testcase classname="complexDat.Serialization" name="employee" time="0.254"/>
  <system-out/>
</testsuite> <!-- complexDat.Serialization -->
