<?xml version="1.0" encoding="UTF-8"?>
<!-- Generated by org.testng.reporters.JUnitReportReporter -->
<testsuite hostname="INBOOK_X1_SLIM" failures="0" tests="1" name="UpdateProject" time="2.640" errors="0" timestamp="2023-05-08T12:13:31 IST" skipped="0">
  <testcase classname="UpdateProject" name="updateProject" time="2.640"/>
  <system-out/>
</testsuite> <!-- UpdateProject -->
