<?xml version="1.0" encoding="UTF-8"?>
<!-- Generated by org.testng.reporters.JUnitReportReporter -->
<testsuite hostname="INBOOK_X1_SLIM" failures="0" tests="1" name="script.Scenario" time="1.649" errors="0" timestamp="2023-05-16T14:59:58 IST" skipped="0">
  <testcase classname="script.Scenario" name="general" time="1.649"/>
  <system-out/>
</testsuite> <!-- script.Scenario -->
