<?xml version="1.0" encoding="UTF-8"?>
<!-- Generated by org.testng.reporters.JUnitReportReporter -->
<testsuite hostname="INBOOK_X1_SLIM" failures="0" tests="1" name="authentication.UsingBrearToken" time="6.152" errors="0" timestamp="2023-05-12T11:53:28 IST" skipped="0">
  <testcase classname="authentication.UsingBrearToken" name="bearerToken" time="6.152"/>
  <system-out/>
</testsuite> <!-- authentication.UsingBrearToken -->
