<?xml version="1.0" encoding="UTF-8"?>
<!-- Generated by org.testng.reporters.JUnitReportReporter -->
<testsuite hostname="INBOOK_X1_SLIM" failures="0" tests="1" name="crudOperationWithBdd1.GetAllProject" time="2.568" errors="0" timestamp="2023-05-09T09:13:53 IST" skipped="0">
  <testcase classname="crudOperationWithBdd1.GetAllProject" name="getAllProject" time="2.568"/>
  <system-out/>
</testsuite> <!-- crudOperationWithBdd1.GetAllProject -->
