<?xml version="1.0" encoding="UTF-8"?>
<!-- Generated by org.testng.reporters.JUnitReportReporter -->
<testsuite hostname="INBOOK_X1_SLIM" failures="0" tests="1" name="CreateProject" time="2.546" errors="0" timestamp="2023-05-08T12:21:08 IST" skipped="0">
  <testcase classname="CreateProject" name="createPro" time="2.546"/>
  <system-out/>
</testsuite> <!-- CreateProject -->
