<?xml version="1.0" encoding="UTF-8"?>
<!-- Generated by org.testng.reporters.JUnitReportReporter -->
<testsuite hostname="INBOOK_X1_SLIM" failures="0" tests="1" name="complexDat.CustomerDeSerialization" time="0.344" errors="0" timestamp="2023-05-09T12:56:31 IST" skipped="0">
  <testcase classname="complexDat.CustomerDeSerialization" name="deserialization" time="0.344"/>
  <system-out/>
</testsuite> <!-- complexDat.CustomerDeSerialization -->
