<?xml version="1.0" encoding="UTF-8"?>
<!-- Generated by org.testng.reporters.JUnitReportReporter -->
<testsuite hostname="INBOOK_X1_SLIM" failures="0" tests="1" name="authentication.UsingOAuth2" time="4.550" errors="0" timestamp="2023-05-12T13:19:02 IST" skipped="0">
  <testcase classname="authentication.UsingOAuth2" name="fetch" time="4.550"/>
  <system-out/>
</testsuite> <!-- authentication.UsingOAuth2 -->
