<?xml version="1.0" encoding="UTF-8"?>
<!-- Generated by org.testng.reporters.JUnitReportReporter -->
<testsuite hostname="INBOOK_X1_SLIM" failures="0" tests="1" name="crudOperationWithBdd.DeleteProject" time="2.263" errors="0" timestamp="2023-05-08T15:06:25 IST" skipped="0">
  <testcase classname="crudOperationWithBdd.DeleteProject" name="deleteProject" time="2.263"/>
  <system-out/>
</testsuite> <!-- crudOperationWithBdd.DeleteProject -->
