<?xml version="1.0" encoding="UTF-8"?>
<!-- Generated by org.testng.reporters.JUnitReportReporter -->
<testsuite hostname="INBOOK_X1_SLIM" failures="0" tests="1" name="crudOperationWithoutBdd1.CreateProject" time="2.713" errors="0" timestamp="2023-05-08T16:51:56 IST" skipped="0">
  <testcase classname="crudOperationWithoutBdd1.CreateProject" name="createProject" time="2.713"/>
  <system-out/>
</testsuite> <!-- crudOperationWithoutBdd1.CreateProject -->
