<?xml version="1.0" encoding="UTF-8"?>
<!-- Generated by org.testng.reporters.JUnitReportReporter -->
<testsuite hostname="INBOOK_X1_SLIM" failures="0" tests="1" name="dataDrivenTesting.DataDrivenFromExcel" time="2.138" errors="0" timestamp="2023-05-29T15:53:15 IST" skipped="0">
  <testcase classname="dataDrivenTesting.DataDrivenFromExcel" name="fetch" time="2.138"/>
  <system-out/>
</testsuite> <!-- dataDrivenTesting.DataDrivenFromExcel -->
