<?xml version="1.0" encoding="UTF-8"?>
<!-- Generated by org.testng.reporters.JUnitReportReporter -->
<testsuite hostname="INBOOK_X1_SLIM" failures="0" tests="1" name="ResponseBodyValidation.DynamicResponseValidation" time="3.075" errors="0" timestamp="2023-05-09T15:37:45 IST" skipped="0">
  <testcase classname="ResponseBodyValidation.DynamicResponseValidation" name="dynamic" time="3.075"/>
  <system-out/>
</testsuite> <!-- ResponseBodyValidation.DynamicResponseValidation -->
