<?xml version="1.0" encoding="UTF-8"?>
<!-- Generated by org.testng.reporters.JUnitReportReporter -->
<testsuite hostname="INBOOK_X1_SLIM" failures="0" tests="1" name="crudOperationWithoutBdd1.getAllProject" time="2.454" errors="0" timestamp="2023-05-08T16:55:55 IST" skipped="0">
  <testcase classname="crudOperationWithoutBdd1.getAllProject" name="getAllProject" time="2.454"/>
  <system-out/>
</testsuite> <!-- crudOperationWithoutBdd1.getAllProject -->
