<?xml version="1.0" encoding="UTF-8"?>
<!-- Generated by org.testng.reporters.JUnitReportReporter -->
<testsuite hostname="INBOOK_X1_SLIM" failures="0" tests="1" name="crudOperationWithBdd1.GetSingleProject" time="2.265" errors="0" timestamp="2023-05-09T09:17:55 IST" skipped="0">
  <testcase classname="crudOperationWithBdd1.GetSingleProject" name="getSingleProject" time="2.265"/>
  <system-out/>
</testsuite> <!-- crudOperationWithBdd1.GetSingleProject -->
