<?xml version="1.0" encoding="UTF-8"?>
<!-- Generated by org.testng.reporters.JUnitReportReporter -->
<testsuite hostname="INBOOK_X1_SLIM" failures="0" tests="1" name="complexDat.DeSerialization" time="0.189" errors="0" timestamp="2023-05-05T13:14:24 IST" skipped="0">
  <testcase classname="complexDat.DeSerialization" name="employee" time="0.189"/>
  <system-out/>
</testsuite> <!-- complexDat.DeSerialization -->
