<?xml version="1.0" encoding="UTF-8"?>
<!-- Generated by org.testng.reporters.JUnitReportReporter -->
<testsuite hostname="INBOOK_X1_SLIM" failures="0" tests="1" name="crudOperationWithoutBdd.GetAllProject" time="2.108" errors="0" timestamp="2023-05-08T15:49:46 IST" skipped="0">
  <testcase classname="crudOperationWithoutBdd.GetAllProject" name="getAllProject" time="2.108"/>
  <system-out/>
</testsuite> <!-- crudOperationWithoutBdd.GetAllProject -->
