<?xml version="1.0" encoding="UTF-8"?>
<!-- Generated by org.testng.reporters.JUnitReportReporter -->
<testsuite hostname="INBOOK_X1_SLIM" failures="0" tests="1" name="Script.WorkerSerialization" time="0.311" errors="0" timestamp="2023-05-11T16:59:22 IST" skipped="0">
  <testcase classname="Script.WorkerSerialization" name="serial" time="0.311"/>
  <system-out/>
</testsuite> <!-- Script.WorkerSerialization -->
