<?xml version="1.0" encoding="UTF-8"?>
<!-- Generated by org.testng.reporters.JUnitReportReporter -->
<testsuite hostname="INBOOK_X1_SLIM" failures="0" tests="1" name="crudOperationWithBdd.CreateProject" time="2.302" errors="0" timestamp="2023-05-08T15:45:08 IST" skipped="0">
  <testcase classname="crudOperationWithBdd.CreateProject" name="createProject" time="2.302"/>
  <system-out/>
</testsuite> <!-- crudOperationWithBdd.CreateProject -->
