<?xml version="1.0" encoding="UTF-8"?>
<!-- Generated by org.testng.reporters.JUnitReportReporter -->
<testsuite hostname="INBOOK_X1_SLIM" failures="0" tests="1" name="authentication.UsingBasicAuth" time="2.073" errors="0" timestamp="2023-05-12T10:51:55 IST" skipped="0">
  <testcase classname="authentication.UsingBasicAuth" name="preemtiveBasicAuth" time="2.073"/>
  <system-out/>
</testsuite> <!-- authentication.UsingBasicAuth -->
