<?xml version="1.0" encoding="UTF-8"?>
<!-- Generated by org.testng.reporters.JUnitReportReporter -->
<testsuite hostname="INBOOK_X1_SLIM" failures="0" tests="1" name="script.Scenario1" time="5.675" errors="0" timestamp="2023-05-16T10:08:12 IST" skipped="0">
  <testcase classname="script.Scenario1" name="data" time="5.675"/>
  <system-out/>
</testsuite> <!-- script.Scenario1 -->
