<?xml version="1.0" encoding="UTF-8"?>
<!-- Generated by org.testng.reporters.JUnitReportReporter -->
<testsuite hostname="INBOOK_X1_SLIM" failures="0" tests="1" name="dataDrivenTesting.DataDrivenFromExcel" time="2.823" errors="0" timestamp="2023-05-12T12:24:26 IST" skipped="0">
  <testcase classname="dataDrivenTesting.DataDrivenFromExcel" name="fetch" time="2.823"/>
  <system-out/>
</testsuite> <!-- dataDrivenTesting.DataDrivenFromExcel -->
