<?xml version="1.0" encoding="UTF-8"?>
<!-- Generated by org.testng.reporters.JUnitReportReporter -->
<testsuite hostname="INBOOK_X1_SLIM" failures="0" tests="1" name="Script.WorkerDeSerilaization" time="0.304" errors="0" timestamp="2023-05-09T12:16:25 IST" skipped="0">
  <testcase classname="Script.WorkerDeSerilaization" name="d" time="0.304"/>
  <system-out/>
</testsuite> <!-- Script.WorkerDeSerilaization -->
