<?xml version="1.0" encoding="UTF-8"?>
<!-- Generated by org.testng.reporters.JUnitReportReporter -->
<testsuite hostname="INBOOK_X1_SLIM" failures="0" tests="1" name="crudOperationWithoutBdd.CreateProject" time="2.565" errors="0" timestamp="2023-05-11T14:19:23 IST" skipped="0">
  <testcase classname="crudOperationWithoutBdd.CreateProject" name="createProject" time="2.565"/>
  <system-out/>
</testsuite> <!-- crudOperationWithoutBdd.CreateProject -->
