<?xml version="1.0" encoding="UTF-8"?>
<!-- Generated by org.testng.reporters.JUnitReportReporter -->
<testsuite hostname="INBOOK_X1_SLIM" failures="0" tests="1" name="crudWithoutBdd.GetSingleUser" time="2.834" errors="0" timestamp="2023-05-10T21:47:07 IST" skipped="0">
  <testcase classname="crudWithoutBdd.GetSingleUser" name="get" time="2.834"/>
  <system-out/>
</testsuite> <!-- crudWithoutBdd.GetSingleUser -->
