<?xml version="1.0" encoding="UTF-8"?>
<!-- Generated by org.testng.reporters.JUnitReportReporter -->
<testsuite hostname="INBOOK_X1_SLIM" failures="0" tests="1" name="crudOperationWithoutBdd1.GetSingleProject" time="2.166" errors="0" timestamp="2023-05-08T16:59:49 IST" skipped="0">
  <testcase classname="crudOperationWithoutBdd1.GetSingleProject" name="getSigleProject" time="2.166"/>
  <system-out/>
</testsuite> <!-- crudOperationWithoutBdd1.GetSingleProject -->
