<?xml version="1.0" encoding="UTF-8"?>
<!-- Generated by org.testng.reporters.JUnitReportReporter -->
<testsuite hostname="INBOOK_X1_SLIM" failures="0" tests="1" name="Script.EmployeeSerialization" time="0.293" errors="0" timestamp="2023-05-09T10:12:49 IST" skipped="0">
  <testcase classname="Script.EmployeeSerialization" name="employ" time="0.293"/>
  <system-out/>
</testsuite> <!-- Script.EmployeeSerialization -->
