<?xml version="1.0" encoding="UTF-8"?>
<!-- Generated by org.testng.reporters.JUnitReportReporter -->
<testsuite hostname="INBOOK_X1_SLIM" failures="0" tests="1" name="ResponseBodyValidation.Dynamic" time="2.917" errors="0" timestamp="2023-05-09T16:04:17 IST" skipped="0">
  <testcase classname="ResponseBodyValidation.Dynamic" name="dynamic" time="2.917"/>
  <system-out/>
</testsuite> <!-- ResponseBodyValidation.Dynamic -->
