<?xml version="1.0" encoding="UTF-8"?>
<!-- Generated by org.testng.reporters.JUnitReportReporter -->
<testsuite hostname="INBOOK_X1_SLIM" failures="0" tests="1" name="requestSpecificationAndResponseSpecification.RequsetSpecificationAndResponseSpecification" time="2.715" errors="0" timestamp="2023-05-15T11:21:25 IST" skipped="0">
  <testcase classname="requestSpecificationAndResponseSpecification.RequsetSpecificationAndResponseSpecification" name="demo" time="2.715"/>
  <system-out/>
</testsuite> <!-- requestSpecificationAndResponseSpecification.RequsetSpecificationAndResponseSpecification -->
