<?xml version="1.0" encoding="UTF-8"?>
<!-- Generated by org.testng.reporters.JUnitReportReporter -->
<testsuite hostname="INBOOK_X1_SLIM" failures="0" tests="1" name="GetSingleProject" time="2.116" errors="0" timestamp="2023-05-08T12:05:59 IST" skipped="0">
  <testcase classname="GetSingleProject" name="getSingleProject" time="2.116"/>
  <system-out/>
</testsuite> <!-- GetSingleProject -->
