<?xml version="1.0" encoding="UTF-8"?>
<!-- Generated by org.testng.reporters.JUnitReportReporter -->
<testsuite hostname="INBOOK_X1_SLIM" failures="0" tests="1" name="DeleteProject" time="2.250" errors="0" timestamp="2023-05-08T12:16:23 IST" skipped="0">
  <testcase classname="DeleteProject" name="deleteProject" time="2.250"/>
  <system-out/>
</testsuite> <!-- DeleteProject -->
